<?xml version="1.0" encoding="UTF-8"?>
<robot generator="Robot 5.0 (Python 3.10.0 on win32)" generated="20220512 14:24:55.729" rpa="false" schemaversion="3">
<suite id="s1" name="Verify Invalid Credential Suite" source="C:\Users\shubham gupta\Documents\robot framework\OpenCart_project\Validation_suite\verify_invalid_credential_suite.robot">
<test id="s1-t1" name="Tc1" line="14">
<kw name="Launch Browser" library="CommonFunctionality" type="SETUP">
<kw name="Append To Environment Variable" library="OperatingSystem">
<arg>Path</arg>
<arg>${EXECDIR}${/}Driver</arg>
<doc>Appends given ``values`` to environment variable ``name``.</doc>
<msg timestamp="20220512 14:24:58.344" level="INFO">Environment variable 'Path' set to value 'C:\Program Files (x86)\VMware\VMware Workstation\bin\;C:\Program Files\Common Files\Oracle\Java\javapath;C:\Program Files\Java\jdk1.8.0_60\bin;C:\WINDOWS\system32;C:\WINDOWS;C:\WINDOWS\System32\Wbem;C:\WINDOWS\System32\WindowsPowerShell\v1.0\;C:\WINDOWS\System32\OpenSSH\;C:\Program Files\Git\cmd;C:\Program Files\Java\jdk-17.0.2\bin;C:\Users\shubham gupta\AppData\Local\Programs\Python\Python310\Scripts\;C:\Users\shubham gupta\AppData\Local\Programs\Python\Python310\;C:\Users\shubham gupta\AppData\Local\Microsoft\WindowsApps;C:\Users\shubham gupta\AppData\Local\Programs\Microsoft VS Code\bin;C:\Users\shubham gupta\AppData\Local\GitHubDesktop\bin;C:\Program Files\JetBrains\PyCharm 2021.3.3\bin;;;C:\Users\shubham gupta\Documents\robot framework\OpenCart_project\Driver'.</msg>
<status status="PASS" starttime="20220512 14:24:58.343" endtime="20220512 14:24:58.344"/>
</kw>
<kw name="Open Browser" library="SeleniumLibrary">
<arg>browser=${BROWSER}</arg>
<doc>Opens a new browser instance to the optional ``url``.</doc>
<msg timestamp="20220512 14:24:58.344" level="INFO">Opening browser 'chrome' to base url 'None'.</msg>
<status status="PASS" starttime="20220512 14:24:58.344" endtime="20220512 14:25:00.714"/>
</kw>
<kw name="Maximize Browser Window" library="SeleniumLibrary">
<doc>Maximizes current browser window.</doc>
<status status="PASS" starttime="20220512 14:25:00.714" endtime="20220512 14:25:00.845"/>
</kw>
<kw name="Set Selenium Implicit Wait" library="SeleniumLibrary">
<arg>30s</arg>
<doc>Sets the implicit wait value used by Selenium.</doc>
<status status="PASS" starttime="20220512 14:25:00.845" endtime="20220512 14:25:00.851"/>
</kw>
<kw name="Set Screenshot Directory" library="SeleniumLibrary">
<arg>${EXECDIR}${/}screenshots</arg>
<doc>Sets the directory for captured screenshots.</doc>
<status status="PASS" starttime="20220512 14:25:00.851" endtime="20220512 14:25:00.853"/>
</kw>
<kw name="Go To" library="SeleniumLibrary">
<arg>url=${URL}</arg>
<doc>Navigates the current browser window to the provided ``url``.</doc>
<msg timestamp="20220512 14:25:00.854" level="INFO">Opening url 'https://www.opencart.com/'</msg>
<status status="PASS" starttime="20220512 14:25:00.853" endtime="20220512 14:25:03.712"/>
</kw>
<status status="PASS" starttime="20220512 14:24:58.343" endtime="20220512 14:25:03.712"/>
</kw>
<kw name="Invalid Credential Template">
<arg>sguptasmou@gmail.com</arg>
<arg>Swiggy@12345</arg>
<arg>No match for E-Mail and/or Password.</arg>
<kw name="Click Element" library="SeleniumLibrary">
<arg>link=Login</arg>
<doc>Click the element identified by ``locator``.</doc>
<msg timestamp="20220512 14:25:03.714" level="INFO">Clicking element 'link=Login'.</msg>
<status status="PASS" starttime="20220512 14:25:03.714" endtime="20220512 14:25:05.146"/>
</kw>
<kw name="Input Text" library="SeleniumLibrary">
<arg>id=input-email</arg>
<arg>${username}</arg>
<doc>Types the given ``text`` into the text field identified by ``locator``.</doc>
<msg timestamp="20220512 14:25:05.147" level="INFO">Typing text 'sguptasmou@gmail.com' into text field 'id=input-email'.</msg>
<status status="PASS" starttime="20220512 14:25:05.146" endtime="20220512 14:25:05.469"/>
</kw>
<kw name="Input Password" library="SeleniumLibrary">
<arg>id=input-password</arg>
<arg>${password}</arg>
<doc>Types the given password into the text field identified by ``locator``.</doc>
<msg timestamp="20220512 14:25:05.470" level="INFO">Typing password into text field 'id=input-password'.</msg>
<msg timestamp="20220512 14:25:05.585" level="INFO">Temporally setting log level to: NONE</msg>
<msg timestamp="20220512 14:25:05.722" level="INFO">Log level changed from NONE to INFO.</msg>
<status status="PASS" starttime="20220512 14:25:05.469" endtime="20220512 14:25:05.723"/>
</kw>
<kw name="Click Element" library="SeleniumLibrary">
<arg>xpath=//button[text()="Login"]</arg>
<doc>Click the element identified by ``locator``.</doc>
<msg timestamp="20220512 14:25:05.723" level="INFO">Clicking element 'xpath=//button[text()="Login"]'.</msg>
<status status="PASS" starttime="20220512 14:25:05.723" endtime="20220512 14:25:09.035"/>
</kw>
<kw name="Page Should Contain" library="SeleniumLibrary">
<arg>${expected_value}</arg>
<doc>Verifies that current page contains ``text``.</doc>
<msg timestamp="20220512 14:25:09.061" level="INFO">Current page contains text 'No match for E-Mail and/or Password.'.</msg>
<status status="PASS" starttime="20220512 14:25:09.035" endtime="20220512 14:25:09.062"/>
</kw>
<status status="PASS" starttime="20220512 14:25:03.713" endtime="20220512 14:25:09.062"/>
</kw>
<kw name="Close Browser" library="SeleniumLibrary" type="TEARDOWN">
<doc>Closes the current browser.</doc>
<status status="PASS" starttime="20220512 14:25:09.063" endtime="20220512 14:25:11.361"/>
</kw>
<status status="PASS" starttime="20220512 14:24:58.339" endtime="20220512 14:25:11.361"/>
</test>
<test id="s1-t2" name="Tc1" line="14">
<kw name="Launch Browser" library="CommonFunctionality" type="SETUP">
<kw name="Append To Environment Variable" library="OperatingSystem">
<arg>Path</arg>
<arg>${EXECDIR}${/}Driver</arg>
<doc>Appends given ``values`` to environment variable ``name``.</doc>
<msg timestamp="20220512 14:25:11.367" level="INFO">Environment variable 'Path' set to value 'C:\Program Files (x86)\VMware\VMware Workstation\bin\;C:\Program Files\Common Files\Oracle\Java\javapath;C:\Program Files\Java\jdk1.8.0_60\bin;C:\WINDOWS\system32;C:\WINDOWS;C:\WINDOWS\System32\Wbem;C:\WINDOWS\System32\WindowsPowerShell\v1.0\;C:\WINDOWS\System32\OpenSSH\;C:\Program Files\Git\cmd;C:\Program Files\Java\jdk-17.0.2\bin;C:\Users\shubham gupta\AppData\Local\Programs\Python\Python310\Scripts\;C:\Users\shubham gupta\AppData\Local\Programs\Python\Python310\;C:\Users\shubham gupta\AppData\Local\Microsoft\WindowsApps;C:\Users\shubham gupta\AppData\Local\Programs\Microsoft VS Code\bin;C:\Users\shubham gupta\AppData\Local\GitHubDesktop\bin;C:\Program Files\JetBrains\PyCharm 2021.3.3\bin;;;C:\Users\shubham gupta\Documents\robot framework\OpenCart_project\Driver;C:\Users\shubham gupta\Documents\robot framework\OpenCart_project\Driver'.</msg>
<status status="PASS" starttime="20220512 14:25:11.366" endtime="20220512 14:25:11.367"/>
</kw>
<kw name="Open Browser" library="SeleniumLibrary">
<arg>browser=${BROWSER}</arg>
<doc>Opens a new browser instance to the optional ``url``.</doc>
<msg timestamp="20220512 14:25:11.367" level="INFO">Opening browser 'chrome' to base url 'None'.</msg>
<status status="PASS" starttime="20220512 14:25:11.367" endtime="20220512 14:25:13.655"/>
</kw>
<kw name="Maximize Browser Window" library="SeleniumLibrary">
<doc>Maximizes current browser window.</doc>
<status status="PASS" starttime="20220512 14:25:13.655" endtime="20220512 14:25:13.779"/>
</kw>
<kw name="Set Selenium Implicit Wait" library="SeleniumLibrary">
<arg>30s</arg>
<doc>Sets the implicit wait value used by Selenium.</doc>
<status status="PASS" starttime="20220512 14:25:13.780" endtime="20220512 14:25:13.782"/>
</kw>
<kw name="Set Screenshot Directory" library="SeleniumLibrary">
<arg>${EXECDIR}${/}screenshots</arg>
<doc>Sets the directory for captured screenshots.</doc>
<status status="PASS" starttime="20220512 14:25:13.783" endtime="20220512 14:25:13.783"/>
</kw>
<kw name="Go To" library="SeleniumLibrary">
<arg>url=${URL}</arg>
<doc>Navigates the current browser window to the provided ``url``.</doc>
<msg timestamp="20220512 14:25:13.784" level="INFO">Opening url 'https://www.opencart.com/'</msg>
<status status="PASS" starttime="20220512 14:25:13.784" endtime="20220512 14:25:17.591"/>
</kw>
<status status="PASS" starttime="20220512 14:25:11.366" endtime="20220512 14:25:17.591"/>
</kw>
<kw name="Invalid Credential Template">
<arg>sguptasmou@gmail.com</arg>
<arg>Swiggy@12346</arg>
<arg>No match for E-Mail and/or Password.</arg>
<kw name="Click Element" library="SeleniumLibrary">
<arg>link=Login</arg>
<doc>Click the element identified by ``locator``.</doc>
<msg timestamp="20220512 14:25:17.592" level="INFO">Clicking element 'link=Login'.</msg>
<status status="PASS" starttime="20220512 14:25:17.592" endtime="20220512 14:25:19.169"/>
</kw>
<kw name="Input Text" library="SeleniumLibrary">
<arg>id=input-email</arg>
<arg>${username}</arg>
<doc>Types the given ``text`` into the text field identified by ``locator``.</doc>
<msg timestamp="20220512 14:25:19.171" level="INFO">Typing text 'sguptasmou@gmail.com' into text field 'id=input-email'.</msg>
<status status="PASS" starttime="20220512 14:25:19.169" endtime="20220512 14:25:19.478"/>
</kw>
<kw name="Input Password" library="SeleniumLibrary">
<arg>id=input-password</arg>
<arg>${password}</arg>
<doc>Types the given password into the text field identified by ``locator``.</doc>
<msg timestamp="20220512 14:25:19.479" level="INFO">Typing password into text field 'id=input-password'.</msg>
<msg timestamp="20220512 14:25:19.594" level="INFO">Temporally setting log level to: NONE</msg>
<msg timestamp="20220512 14:25:19.730" level="INFO">Log level changed from NONE to INFO.</msg>
<status status="PASS" starttime="20220512 14:25:19.478" endtime="20220512 14:25:19.731"/>
</kw>
<kw name="Click Element" library="SeleniumLibrary">
<arg>xpath=//button[text()="Login"]</arg>
<doc>Click the element identified by ``locator``.</doc>
<msg timestamp="20220512 14:25:19.731" level="INFO">Clicking element 'xpath=//button[text()="Login"]'.</msg>
<status status="PASS" starttime="20220512 14:25:19.731" endtime="20220512 14:25:23.483"/>
</kw>
<kw name="Page Should Contain" library="SeleniumLibrary">
<arg>${expected_value}</arg>
<doc>Verifies that current page contains ``text``.</doc>
<msg timestamp="20220512 14:25:23.533" level="INFO">Current page contains text 'No match for E-Mail and/or Password.'.</msg>
<status status="PASS" starttime="20220512 14:25:23.484" endtime="20220512 14:25:23.533"/>
</kw>
<status status="PASS" starttime="20220512 14:25:17.591" endtime="20220512 14:25:23.533"/>
</kw>
<kw name="Close Browser" library="SeleniumLibrary" type="TEARDOWN">
<doc>Closes the current browser.</doc>
<status status="PASS" starttime="20220512 14:25:23.534" endtime="20220512 14:25:25.794"/>
</kw>
<status status="PASS" starttime="20220512 14:25:11.364" endtime="20220512 14:25:25.794"/>
</test>
<doc>this suite will handle valid credential
test - TC_OH_2</doc>
<status status="PASS" starttime="20220512 14:24:55.735" endtime="20220512 14:25:25.795"/>
</suite>
<statistics>
<total>
<stat pass="2" fail="0" skip="0">All Tests</stat>
</total>
<tag>
</tag>
<suite>
<stat pass="2" fail="0" skip="0" id="s1" name="Verify Invalid Credential Suite">Verify Invalid Credential Suite</stat>
</suite>
</statistics>
<errors>
<msg timestamp="20220512 14:25:11.363" level="WARN">Multiple tests with name 'Tc1' executed in suite 'Verify Invalid Credential Suite'.</msg>
</errors>
</robot>
